This is pdfTeX, Version 3.14159265-2.6-1.40.21 (TeX Live 2020/W32TeX) (preloaded format=pdflatex 2020.7.21)  21 JUL 2020 22:44
entering extended mode
 restricted \write18 enabled.
 file:line:error style messages enabled.
 %&-line parsing enabled.
**data_import.cpython-38.pyc
(./data_import.cpython-38.pyc
LaTeX2e <2020-02-02> patch level 5
L3 programming layer <2020-07-17>

./data_import.cpython-38.pyc:1: LaTeX Error: Missing \begin{document}.

See the LaTeX manual or LaTeX Companion for explanation.
Type  H <return>  for immediate help.
 ...                                              
                                                  
l.1 U
     
You're in trouble here.  Try typing  <return>  to proceed.
If that doesn't work, type  X <return>  to quit.

Missing character: There is no U in font nullfont!

Overfull \hbox (20.0pt too wide) in paragraph at lines 1--2
[] 
 []

./data_import.cpython-38.pyc:3: Text line contains an invalid character.
l.3 ^^@
       ^^@^^@^^@]è^^R_ ^^A^^@^^@„^^@^^@^^@^^@^^@^^@^^@^^@^^@^^@^^@^^@^^@^^@^...
A funny symbol that I can't read has just been input.
Continue, and I'll forget that it ever happened.

./data_import.cpython-38.pyc:3: Text line contains an invalid character.
l.3 ^^@^^@
          ^^@^^@]è^^R_ ^^A^^@^^@„^^@^^@^^@^^@^^@^^@^^@^^@^^@^^@^^@^^@^^@^^@^...
A funny symbol that I can't read has just been input.
Continue, and I'll forget that it ever happened.

./data_import.cpython-38.pyc:3: Text line contains an invalid character.
l.3 ^^@^^@^^@
             ^^@]è^^R_ ^^A^^@^^@„^^@^^@^^@^^@^^@^^@^^@^^@^^@^^@^^@^^@^^@^^@^...
A funny symbol that I can't read has just been input.
Continue, and I'll forget that it ever happened.

./data_import.cpython-38.pyc:3: Text line contains an invalid character.
l.3 ^^@^^@^^@^^@
                ]è^^R_ ^^A^^@^^@„^^@^^@^^@^^@^^@^^@^^@^^@^^@^^@^^@^^@^^@^^@^...
A funny symbol that I can't read has just been input.
Continue, and I'll forget that it ever happened.


./data_import.cpython-38.pyc:3: LaTeX Error: Missing \begin{document}.

See the LaTeX manual or LaTeX Companion for explanation.
Type  H <return>  for immediate help.
 ...                                              
                                                  
l.3 ^^@^^@^^@^^@]
                 è^^R_ ^^A^^@^^@„^^@^^@^^@^^@^^@^^@^^@^^@^^@^^@^^@^^@^^@^^@^...

You're in trouble here.  Try typing  <return>  to proceed.
If that doesn't work, type  X <return>  to quit.

Missing character: There is no ] in font nullfont!

./data_import.cpython-38.pyc:3: Package inputenc Error: Invalid UTF-8 byte "8F.


See the inputenc package documentation for explanation.
Type  H <return>  for immediate help.
 ...                                              
                                                  
l.3 ^^@^^@^^@^^@]è
                  ^^R_ ^^A^^@^^@„^^@^^@^^@^^@^^@^^@^^@^^@^^@^^@^^@^^@^^@^^@^...

The document does not appear to be in UTF-8 encoding.
Try adding \UseRawInputEncoding as the first line of the file
or specify an encoding such as \usepackage [latin1]{inputenc}
in the document preamble.
Alternatively, save the file in UTF-8 using your editor or another tool


./data_import.cpython-38.pyc:3: Package inputenc Error: Unicode character ^^R (
U+0012)
(inputenc)                not set up for use with LaTeX.

See the inputenc package documentation for explanation.
Type  H <return>  for immediate help.
 ...                                              
                                                  
l.3 ^^@^^@^^@^^@]è^^R
                     _ ^^A^^@^^@„^^@^^@^^@^^@^^@^^@^^@^^@^^@^^@^^@^^@^^@^^@^...

You may provide a definition with
\DeclareUnicodeCharacter 

./data_import.cpython-38.pyc:3: Missing $ inserted.
<inserted text> 
                $
l.3 ^^@^^@^^@^^@]è^^R_
                       ^^A^^@^^@„^^@^^@^^@^^@^^@^^@^^@^^@^^@^^@^^@^^@^^@^^@^...
I've inserted a begin-math/end-math symbol since I think
you left one out. Proceed, with fingers crossed.

LaTeX Font Info:    External font `cmex10' loaded for size
(Font)              <7> on input line 3.
LaTeX Font Info:    External font `cmex10' loaded for size
(Font)              <5> on input line 3.
./data_import.cpython-38.pyc:3: Missing { inserted.
<to be read again> 
                   \begingroup 
l.3 ^^@^^@^^@^^@]è^^R_ ^^A
                          ^^@^^@„^^@^^@^^@^^@^^@^^@^^@^^@^^@^^@^^@^^@^^@^^@^...
A left brace was mandatory here, so I've put one in.
You might want to delete and/or insert some corrections
so that I will find a matching right brace soon.
(If you're confused by all this, try typing `I}' now.)


./data_import.cpython-38.pyc:3: Package inputenc Error: Unicode character ^^A (
U+0001)
(inputenc)                not set up for use with LaTeX.

See the inputenc package documentation for explanation.
Type  H <return>  for immediate help.
 ...                                              
                                                  
l.3 ^^@^^@^^@^^@]è^^R_ ^^A
                          ^^@^^@„^^@^^@^^@^^@^^@^^@^^@^^@^^@^^@^^@^^@^^@^^@^...

You may provide a definition with
\DeclareUnicodeCharacter 

./data_import.cpython-38.pyc:3: Text line contains an invalid character.
l.3 ^^@^^@^^@^^@]è^^R_ ^^A^^@
                             ^^@„^^@^^@^^@^^@^^@^^@^^@^^@^^@^^@^^@^^@^^@^^@^...
A funny symbol that I can't read has just been input.
Continue, and I'll forget that it ever happened.

./data_import.cpython-38.pyc:3: Text line contains an invalid character.
l.3 ^^@^^@^^@^^@]è^^R_ ^^A^^@^^@
                                „^^@^^@^^@^^@^^@^^@^^@^^@^^@^^@^^@^^@^^@^^@^...
A funny symbol that I can't read has just been input.
Continue, and I'll forget that it ever happened.

./data_import.cpython-38.pyc:3: Text line contains an invalid character.
l.3 ^^@^^@^^@^^@]è^^R_ ^^A^^@^^@„^^@
                                    ^^@^^@^^@^^@^^@^^@^^@^^@^^@^^@^^@^^@^^@^...
A funny symbol that I can't read has just been input.
Continue, and I'll forget that it ever happened.

./data_import.cpython-38.pyc:3: Text line contains an invalid character.
l.3 ^^@^^@^^@^^@]è^^R_ ^^A^^@^^@„^^@^^@
                                       ^^@^^@^^@^^@^^@^^@^^@^^@^^@^^@^^@^^@^...
A funny symbol that I can't read has just been input.
Continue, and I'll forget that it ever happened.

./data_import.cpython-38.pyc:3: Text line contains an invalid character.
l.3 ^^@^^@^^@^^@]è^^R_ ^^A^^@^^@„^^@^^@^^@
                                          ^^@^^@^^@^^@^^@^^@^^@^^@^^@^^@^^@^...
A funny symbol that I can't read has just been input.
Continue, and I'll forget that it ever happened.

./data_import.cpython-38.pyc:3: Text line contains an invalid character.
l.3 ^^@^^@^^@^^@]è^^R_ ^^A^^@^^@„^^@^^@^^@^^@
                                             ^^@^^@^^@^^@^^@^^@^^@^^@^^@^^@^...
A funny symbol that I can't read has just been input.
Continue, and I'll forget that it ever happened.

./data_import.cpython-38.pyc:3: Text line contains an invalid character.
l.3 ^^@^^@^^@^^@]è^^R_ ^^A^^@^^@„^^@^^@^^@^^@^^@
                                                ^^@^^@^^@^^@^^@^^@^^@^^@^^@^...
A funny symbol that I can't read has just been input.
Continue, and I'll forget that it ever happened.

./data_import.cpython-38.pyc:3: Text line contains an invalid character.
l.3 ...^@^^@^^@]è^^R_ ^^A^^@^^@„^^@^^@^^@^^@^^@^^@
                                                  ^^@^^@^^@^^@^^@^^@^^@^^@^^...
A funny symbol that I can't read has just been input.
Continue, and I'll forget that it ever happened.

./data_import.cpython-38.pyc:3: Text line contains an invalid character.
l.3 ...^@^^@]è^^R_ ^^A^^@^^@„^^@^^@^^@^^@^^@^^@^^@
                                                  ^^@^^@^^@^^@^^@^^@^^@^^@^^...
A funny symbol that I can't read has just been input.
Continue, and I'll forget that it ever happened.

./data_import.cpython-38.pyc:3: Text line contains an invalid character.
l.3 ...^@]è^^R_ ^^A^^@^^@„^^@^^@^^@^^@^^@^^@^^@^^@
                                                  ^^@^^@^^@^^@^^@^^@^^@^^@^^...
A funny symbol that I can't read has just been input.
Continue, and I'll forget that it ever happened.

./data_import.cpython-38.pyc:3: Text line contains an invalid character.
l.3 ...è^^R_ ^^A^^@^^@„^^@^^@^^@^^@^^@^^@^^@^^@^^@
                                                  ^^@^^@^^@^^@^^@^^@^^@^^E^^...
A funny symbol that I can't read has just been input.
Continue, and I'll forget that it ever happened.

./data_import.cpython-38.pyc:3: Text line contains an invalid character.
l.3 ...R_ ^^A^^@^^@„^^@^^@^^@^^@^^@^^@^^@^^@^^@^^@
                                                  ^^@^^@^^@^^@^^@^^@^^E^^@^^...
A funny symbol that I can't read has just been input.
Continue, and I'll forget that it ever happened.

./data_import.cpython-38.pyc:3: Text line contains an invalid character.
l.3 ...^^A^^@^^@„^^@^^@^^@^^@^^@^^@^^@^^@^^@^^@^^@
                                                  ^^@^^@^^@^^@^^@^^E^^@^^@^^...
A funny symbol that I can't read has just been input.
Continue, and I'll forget that it ever happened.

./data_import.cpython-38.pyc:3: Text line contains an invalid character.
l.3 ...^^@^^@„^^@^^@^^@^^@^^@^^@^^@^^@^^@^^@^^@^^@
                                                  ^^@^^@^^@^^@^^E^^@^^@^^@@^...
A funny symbol that I can't read has just been input.
Continue, and I'll forget that it ever happened.

./data_import.cpython-38.pyc:3: Text line contains an invalid character.
l.3 ...^^@„^^@^^@^^@^^@^^@^^@^^@^^@^^@^^@^^@^^@^^@
                                                  ^^@^^@^^@^^E^^@^^@^^@@^^@^...
A funny symbol that I can't read has just been input.
Continue, and I'll forget that it ever happened.

./data_import.cpython-38.pyc:3: Text line contains an invalid character.
l.3 ...„^^@^^@^^@^^@^^@^^@^^@^^@^^@^^@^^@^^@^^@^^@
                                                  ^^@^^@^^E^^@^^@^^@@^^@^^@^...
A funny symbol that I can't read has just been input.
Continue, and I'll forget that it ever happened.

./data_import.cpython-38.pyc:3: Text line contains an invalid character.
l.3 ...@^^@^^@^^@^^@^^@^^@^^@^^@^^@^^@^^@^^@^^@^^@
                                                  ^^@^^E^^@^^@^^@@^^@^^@^^@s...
A funny symbol that I can't read has just been input.
Continue, and I'll forget that it ever happened.

./data_import.cpython-38.pyc:3: Text line contains an invalid character.
l.3 ...@^^@^^@^^@^^@^^@^^@^^@^^@^^@^^@^^@^^@^^@^^@
                                                  ^^E^^@^^@^^@@^^@^^@^^@s^^\...
A funny symbol that I can't read has just been input.
Continue, and I'll forget that it ever happened.

./data_import.cpython-38.pyc:3: Text line contains an invalid character.
l.3 ...@^^@^^@^^@^^@^^@^^@^^@^^@^^@^^@^^@^^@^^E^^@
                                                  ^^@^^@@^^@^^@^^@s^^\^^@^^@...
A funny symbol that I can't read has just been input.
Continue, and I'll forget that it ever happened.

./data_import.cpython-38.pyc:3: Text line contains an invalid character.
l.3 ...@^^@^^@^^@^^@^^@^^@^^@^^@^^@^^@^^@^^E^^@^^@
                                                  ^^@@^^@^^@^^@s^^\^^@^^@^^@...
A funny symbol that I can't read has just been input.
Continue, and I'll forget that it ever happened.

./data_import.cpython-38.pyc:3: Text line contains an invalid character.
l.3 ...@^^@^^@^^@^^@^^@^^@^^@^^@^^@^^@^^E^^@^^@^^@
                                                  @^^@^^@^^@s^^\^^@^^@^^@d^^...
A funny symbol that I can't read has just been input.
Continue, and I'll forget that it ever happened.


./data_import.cpython-38.pyc:3: Package inputenc Error: Invalid UTF-8 byte sequ
ence.

See the inputenc package documentation for explanation.
Type  H <return>  for immediate help.
 ...                                              
                                                  
l.3 ...^^@^^@^^@^^@^^@^^@^^@^^@^^@^^@^^E^^@^^@^^@@
                                                  ^^@^^@^^@s^^\^^@^^@^^@d^^@...

The document does not appear to be in UTF-8 encoding.
Try adding \UseRawInputEncoding as the first line of the file
or specify an encoding such as \usepackage [latin1]{inputenc}
in the document preamble.
Alternatively, save the file in UTF-8 using your editor or another tool

./data_import.cpython-38.pyc:3: Text line contains an invalid character.
l.3 ...^^@^^@^^@^^@^^@^^@^^@^^@^^@^^E^^@^^@^^@@^^@
                                                  ^^@^^@s^^\^^@^^@^^@d^^@d^^...
A funny symbol that I can't read has just been input.
Continue, and I'll forget that it ever happened.

./data_import.cpython-38.pyc:3: Text line contains an invalid character.
l.3 ...^^@^^@^^@^^@^^@^^@^^@^^@^^E^^@^^@^^@@^^@^^@
                                                  ^^@s^^\^^@^^@^^@d^^@d^^Al^...
A funny symbol that I can't read has just been input.
Continue, and I'll forget that it ever happened.

./data_import.cpython-38.pyc:3: Text line contains an invalid character.
l.3 ...^^@^^@^^@^^@^^@^^@^^@^^E^^@^^@^^@@^^@^^@^^@
                                                  s^^\^^@^^@^^@d^^@d^^Al^^@Z...
A funny symbol that I can't read has just been input.
Continue, and I'll forget that it ever happened.


./data_import.cpython-38.pyc:3: Package inputenc Error: Unicode character ^^\ (
U+001C)
(inputenc)                not set up for use with LaTeX.

See the inputenc package documentation for explanation.
Type  H <return>  for immediate help.
 ...                                              
                                                  
l.3 ...^@^^@^^@^^@^^@^^@^^E^^@^^@^^@@^^@^^@^^@s^^\
                                                  ^^@^^@^^@d^^@d^^Al^^@Z^^Ae...

You may provide a definition with
\DeclareUnicodeCharacter 

./data_import.cpython-38.pyc:3: Text line contains an invalid character.
l.3 ...^@^^@^^@^^@^^@^^E^^@^^@^^@@^^@^^@^^@s^^\^^@
                                                  ^^@^^@d^^@d^^Al^^@Z^^Ae^^A...
A funny symbol that I can't read has just been input.
Continue, and I'll forget that it ever happened.

./data_import.cpython-38.pyc:3: Text line contains an invalid character.
l.3 ...^@^^@^^@^^@^^E^^@^^@^^@@^^@^^@^^@s^^\^^@^^@
                                                  ^^@d^^@d^^Al^^@Z^^Ae^^Aj^^...
A funny symbol that I can't read has just been input.
Continue, and I'll forget that it ever happened.

./data_import.cpython-38.pyc:3: Text line contains an invalid character.
l.3 ...^@^^@^^@^^E^^@^^@^^@@^^@^^@^^@s^^\^^@^^@^^@
                                                  d^^@d^^Al^^@Z^^Ae^^Aj^^Bd^...
A funny symbol that I can't read has just been input.
Continue, and I'll forget that it ever happened.

./data_import.cpython-38.pyc:3: Text line contains an invalid character.
l.3 ...@^^@^^E^^@^^@^^@@^^@^^@^^@s^^\^^@^^@^^@d^^@
                                                  d^^Al^^@Z^^Ae^^Aj^^Bd^^Bd^...
A funny symbol that I can't read has just been input.
Continue, and I'll forget that it ever happened.


./data_import.cpython-38.pyc:3: Package inputenc Error: Unicode character ^^A (
U+0001)
(inputenc)                not set up for use with LaTeX.

See the inputenc package documentation for explanation.
Type  H <return>  for immediate help.
 ...                                              
                                                  
l.3 ...^^E^^@^^@^^@@^^@^^@^^@s^^\^^@^^@^^@d^^@d^^A
                                                  l^^@Z^^Ae^^Aj^^Bd^^Bd^^Cd^...

You may provide a definition with
\DeclareUnicodeCharacter 

./data_import.cpython-38.pyc:3: Text line contains an invalid character.
l.3 ...^@^^@^^@@^^@^^@^^@s^^\^^@^^@^^@d^^@d^^Al^^@
                                                  Z^^Ae^^Aj^^Bd^^Bd^^Cd^^Dd^...
A funny symbol that I can't read has just been input.
Continue, and I'll forget that it ever happened.


./data_import.cpython-38.pyc:3: Package inputenc Error: Unicode character ^^A (
U+0001)
(inputenc)                not set up for use with LaTeX.

See the inputenc package documentation for explanation.
Type  H <return>  for immediate help.
 ...                                              
                                                  
l.3 ...@^^@@^^@^^@^^@s^^\^^@^^@^^@d^^@d^^Al^^@Z^^A
                                                  e^^Aj^^Bd^^Bd^^Cd^^Dd^^Eç^...

You may provide a definition with
\DeclareUnicodeCharacter 


./data_import.cpython-38.pyc:3: Package inputenc Error: Unicode character ^^A (
U+0001)
(inputenc)                not set up for use with LaTeX.

See the inputenc package documentation for explanation.
Type  H <return>  for immediate help.
 ...                                              
                                                  
l.3 ...@^^@^^@^^@s^^\^^@^^@^^@d^^@d^^Al^^@Z^^Ae^^A
                                                  j^^Bd^^Bd^^Cd^^Dd^^Eç^^CZ^...

You may provide a definition with
\DeclareUnicodeCharacter 


./data_import.cpython-38.pyc:3: Package inputenc Error: Unicode character ^^B (
U+0002)
(inputenc)                not set up for use with LaTeX.

See the inputenc package documentation for explanation.
Type  H <return>  for immediate help.
 ...                                              
                                                  
l.3 ...^^@^^@s^^\^^@^^@^^@d^^@d^^Al^^@Z^^Ae^^Aj^^B
                                                  d^^Bd^^Cd^^Dd^^Eç^^CZ^^Cd^...

You may provide a definition with
\DeclareUnicodeCharacter 


./data_import.cpython-38.pyc:3: Package inputenc Error: Unicode character ^^B (
U+0002)
(inputenc)                not set up for use with LaTeX.

See the inputenc package documentation for explanation.
Type  H <return>  for immediate help.
 ...                                              
                                                  
l.3 ...^@s^^\^^@^^@^^@d^^@d^^Al^^@Z^^Ae^^Aj^^Bd^^B
                                                  d^^Cd^^Dd^^Eç^^CZ^^Cd^^AS^...

You may provide a definition with
\DeclareUnicodeCharacter 


./data_import.cpython-38.pyc:3: Package inputenc Error: Unicode character ^^C (
U+0003)
(inputenc)                not set up for use with LaTeX.

See the inputenc package documentation for explanation.
Type  H <return>  for immediate help.
 ...                                              
                                                  
l.3 ...^\^^@^^@^^@d^^@d^^Al^^@Z^^Ae^^Aj^^Bd^^Bd^^C
                                                  d^^Dd^^Eç^^CZ^^Cd^^AS^^@)^...

You may provide a definition with
\DeclareUnicodeCharacter 


./data_import.cpython-38.pyc:3: Package inputenc Error: Unicode character ^^D (
U+0004)
(inputenc)                not set up for use with LaTeX.

See the inputenc package documentation for explanation.
Type  H <return>  for immediate help.
 ...                                              
                                                  
l.3 ...@^^@^^@d^^@d^^Al^^@Z^^Ae^^Aj^^Bd^^Bd^^Cd^^D
                                                  d^^Eç^^CZ^^Cd^^AS^^@)^^FÈ^...

You may provide a definition with
\DeclareUnicodeCharacter 


./data_import.cpython-38.pyc:3: Package inputenc Error: Unicode character ^^E (
U+0005)
(inputenc)                not set up for use with LaTeX.

See the inputenc package documentation for explanation.
Type  H <return>  for immediate help.
 ...                                              
                                                  
l.3 ...^^@d^^@d^^Al^^@Z^^Ae^^Aj^^Bd^^Bd^^Cd^^Dd^^E
                                                  ç^^CZ^^Cd^^AS^^@)^^FÈ^^@^^...

You may provide a definition with
\DeclareUnicodeCharacter 


./data_import.cpython-38.pyc:3: Package inputenc Error: Invalid UTF-8 byte "8D.


See the inputenc package documentation for explanation.
Type  H <return>  for immediate help.
 ...                                              
                                                  
l.3 ...^@d^^@d^^Al^^@Z^^Ae^^Aj^^Bd^^Bd^^Cd^^Dd^^Eç
                                                  ^^CZ^^Cd^^AS^^@)^^FÈ^^@^^@...

The document does not appear to be in UTF-8 encoding.
Try adding \UseRawInputEncoding as the first line of the file
or specify an encoding such as \usepackage [latin1]{inputenc}
in the document preamble.
Alternatively, save the file in UTF-8 using your editor or another tool


./data_import.cpython-38.pyc:3: Package inputenc Error: Unicode character ^^C (
U+0003)
(inputenc)                not set up for use with LaTeX.

See the inputenc package documentation for explanation.
Type  H <return>  for immediate help.
 ...                                              
                                                  
l.3 ...^^@d^^Al^^@Z^^Ae^^Aj^^Bd^^Bd^^Cd^^Dd^^Eç^^C
                                                  Z^^Cd^^AS^^@)^^FÈ^^@^^@^^@...

You may provide a definition with
\DeclareUnicodeCharacter 


./data_import.cpython-38.pyc:3: Package inputenc Error: Unicode character ^^C (
U+0003)
(inputenc)                not set up for use with LaTeX.

See the inputenc package documentation for explanation.
Type  H <return>  for immediate help.
 ...                                              
                                                  
l.3 ...^^Al^^@Z^^Ae^^Aj^^Bd^^Bd^^Cd^^Dd^^Eç^^CZ^^C
                                                  d^^AS^^@)^^FÈ^^@^^@^^@^^@N...

You may provide a definition with
\DeclareUnicodeCharacter 


./data_import.cpython-38.pyc:3: Package inputenc Error: Unicode character ^^A (
U+0001)
(inputenc)                not set up for use with LaTeX.

See the inputenc package documentation for explanation.
Type  H <return>  for immediate help.
 ...                                              
                                                  
l.3 ...^^@Z^^Ae^^Aj^^Bd^^Bd^^Cd^^Dd^^Eç^^CZ^^Cd^^A
                                                  S^^@)^^FÈ^^@^^@^^@^^@Nzda...

You may provide a definition with
\DeclareUnicodeCharacter 

./data_import.cpython-38.pyc:3: Text line contains an invalid character.
l.3 ...^^Ae^^Aj^^Bd^^Bd^^Cd^^Dd^^Eç^^CZ^^Cd^^AS^^@
                                                  )^^FÈ^^@^^@^^@^^@Nzdatase...
A funny symbol that I can't read has just been input.
Continue, and I'll forget that it ever happened.


./data_import.cpython-38.pyc:3: Package inputenc Error: Unicode character ^^F (
U+0006)
(inputenc)                not set up for use with LaTeX.

See the inputenc package documentation for explanation.
Type  H <return>  for immediate help.
 ...                                              
                                                  
l.3 ...^^Aj^^Bd^^Bd^^Cd^^Dd^^Eç^^CZ^^Cd^^AS^^@)^^F
                                                  È^^@^^@^^@^^@Nzdataset.cs...

You may provide a definition with
\DeclareUnicodeCharacter 

./data_import.cpython-38.pyc:3: Text line contains an invalid character.
l.3 ...^^Bd^^Bd^^Cd^^Dd^^Eç^^CZ^^Cd^^AS^^@)^^FÈ^^@
                                                  ^^@^^@^^@Nzdataset.csv˙^^...
A funny symbol that I can't read has just been input.
Continue, and I'll forget that it ever happened.

./data_import.cpython-38.pyc:3: Text line contains an invalid character.
l.3 ...d^^Bd^^Cd^^Dd^^Eç^^CZ^^Cd^^AS^^@)^^FÈ^^@^^@
                                                  ^^@^^@Nzdataset.csv˙^^A,Z...
A funny symbol that I can't read has just been input.
Continue, and I'll forget that it ever happened.

./data_import.cpython-38.pyc:3: Text line contains an invalid character.
l.3 ...Bd^^Cd^^Dd^^Eç^^CZ^^Cd^^AS^^@)^^FÈ^^@^^@^^@
                                                  ^^@Nzdataset.csv˙^^A,Z^^H...
A funny symbol that I can't read has just been input.
Continue, and I'll forget that it ever happened.

./data_import.cpython-38.pyc:3: Text line contains an invalid character.
l.3 ...^Cd^^Dd^^Eç^^CZ^^Cd^^AS^^@)^^FÈ^^@^^@^^@^^@
                                                  Nzdataset.csv˙^^A,Z^^Hmat...
A funny symbol that I can't read has just been input.
Continue, and I'll forget that it ever happened.


./data_import.cpython-38.pyc:3: Package inputenc Error: Invalid UTF-8 byte sequ
ence.

See the inputenc package documentation for explanation.
Type  H <return>  for immediate help.
 ...                                              
                                                  
l.3 ...d^^Dd^^Eç^^CZ^^Cd^^AS^^@)^^FÈ^^@^^@^^@^^@Nz
                                                  dataset.csv˙^^A,Z^^Hmater...

The document does not appear to be in UTF-8 encoding.
Try adding \UseRawInputEncoding as the first line of the file
or specify an encoding such as \usepackage [latin1]{inputenc}
in the document preamble.
Alternatively, save the file in UTF-8 using your editor or another tool


./data_import.cpython-38.pyc:3: Package inputenc Error: Unicode character  (U+
000B)
(inputenc)                not set up for use with LaTeX.

See the inputenc package documentation for explanation.
Type  H <return>  for immediate help.
 ...                                              
                                                  
l.3 ...^^Dd^^Eç^^CZ^^Cd^^AS^^@)^^FÈ^^@^^@^^@^^@Nz
                                                  dataset.csv˙^^A,Z^^Hmateri...

You may provide a definition with
\DeclareUnicodeCharacter 


./data_import.cpython-38.pyc:3: Package inputenc Error: Invalid UTF-8 byte "FA.


See the inputenc package documentation for explanation.
Type  H <return>  for immediate help.
 ...                                              
                                                  
l.3 ...^^Cd^^AS^^@)^^FÈ^^@^^@^^@^^@Nzdataset.csv˙
                                                  ^^A,Z^^Hmaterial)^^B⁄	deli...

The document does not appear to be in UTF-8 encoding.
Try adding \UseRawInputEncoding as the first line of the file
or specify an encoding such as \usepackage [latin1]{inputenc}
in the document preamble.
Alternatively, save the file in UTF-8 using your editor or another tool


./data_import.cpython-38.pyc:3: Package inputenc Error: Unicode character ^^A (
U+0001)
(inputenc)                not set up for use with LaTeX.

See the inputenc package documentation for explanation.
Type  H <return>  for immediate help.
 ...                                              
                                                  
l.3 ...d^^AS^^@)^^FÈ^^@^^@^^@^^@Nzdataset.csv˙^^A
                                                  ,Z^^Hmaterial)^^B⁄	delimit...

You may provide a definition with
\DeclareUnicodeCharacter 


./data_import.cpython-38.pyc:3: Package inputenc Error: Unicode character ^^H (
U+0008)
(inputenc)                not set up for use with LaTeX.

See the inputenc package documentation for explanation.
Type  H <return>  for immediate help.
 ...                                              
                                                  
l.3 ...^^@)^^FÈ^^@^^@^^@^^@Nzdataset.csv˙^^A,Z^^H
                                                  material)^^B⁄	delimiter⁄	i...

You may provide a definition with
\DeclareUnicodeCharacter 


./data_import.cpython-38.pyc:3: Package inputenc Error: Unicode character ^^B (
U+0002)
(inputenc)                not set up for use with LaTeX.

See the inputenc package documentation for explanation.
Type  H <return>  for immediate help.
 ...                                              
                                                  
l.3 ...^@^^@^^@Nzdataset.csv˙^^A,Z^^Hmaterial)^^B
                                                  ⁄	delimiter⁄	index_col)^^D...

You may provide a definition with
\DeclareUnicodeCharacter 


./data_import.cpython-38.pyc:3: Package inputenc Error: Invalid UTF-8 byte sequ
ence.

See the inputenc package documentation for explanation.
Type  H <return>  for immediate help.
 ...                                              
                                                  
l.3 ...^@^^@Nzdataset.csv˙^^A,Z^^Hmaterial)^^B⁄	d
                                                  elimiter⁄	index_col)^^D⁄^^...

The document does not appear to be in UTF-8 encoding.
Try adding \UseRawInputEncoding as the first line of the file
or specify an encoding such as \usepackage [latin1]{inputenc}
in the document preamble.
Alternatively, save the file in UTF-8 using your editor or another tool


./data_import.cpython-38.pyc:3: Package inputenc Error: Invalid UTF-8 byte sequ
ence.

See the inputenc package documentation for explanation.
Type  H <return>  for immediate help.
 ...                                              
                                                  
l.3 ...aset.csv˙^^A,Z^^Hmaterial)^^B⁄	delimiter⁄	i
                                                  ndex_col)^^D⁄^^Fpandas⁄^^B...

The document does not appear to be in UTF-8 encoding.
Try adding \UseRawInputEncoding as the first line of the file
or specify an encoding such as \usepackage [latin1]{inputenc}
in the document preamble.
Alternatively, save the file in UTF-8 using your editor or another tool


./data_import.cpython-38.pyc:3: Package inputenc Error: Unicode character ^^D (
U+0004)
(inputenc)                not set up for use with LaTeX.

See the inputenc package documentation for explanation.
Type  H <return>  for immediate help.
 ...                                              
                                                  
l.3 ...,Z^^Hmaterial)^^B⁄	delimiter⁄	index_col)^^D
                                                  ⁄^^Fpandas⁄^^Bpd⁄^^Hread_c...

You may provide a definition with
\DeclareUnicodeCharacter 


./data_import.cpython-38.pyc:3: Package inputenc Error: Invalid UTF-8 byte sequ
ence.

See the inputenc package documentation for explanation.
Type  H <return>  for immediate help.
 ...                                              
                                                  
l.3 ...Hmaterial)^^B⁄	delimiter⁄	index_col)^^D⁄^^F
                                                  pandas⁄^^Bpd⁄^^Hread_csv⁄^...

The document does not appear to be in UTF-8 encoding.
Try adding \UseRawInputEncoding as the first line of the file
or specify an encoding such as \usepackage [latin1]{inputenc}
in the document preamble.
Alternatively, save the file in UTF-8 using your editor or another tool


./data_import.cpython-38.pyc:3: Package inputenc Error: Invalid UTF-8 byte sequ
ence.

See the inputenc package documentation for explanation.
Type  H <return>  for immediate help.
 ...                                              
                                                  
l.3 ...^^B⁄	delimiter⁄	index_col)^^D⁄^^Fpandas⁄^^B
                                                  pd⁄^^Hread_csv⁄^^Ddata©^^@...

The document does not appear to be in UTF-8 encoding.
Try adding \UseRawInputEncoding as the first line of the file
or specify an encoding such as \usepackage [latin1]{inputenc}
in the document preamble.
Alternatively, save the file in UTF-8 using your editor or another tool


./data_import.cpython-38.pyc:3: Package inputenc Error: Invalid UTF-8 byte sequ
ence.

See the inputenc package documentation for explanation.
Type  H <return>  for immediate help.
 ...                                              
                                                  
l.3 ...elimiter⁄	index_col)^^D⁄^^Fpandas⁄^^Bpd⁄^^H
                                                  read_csv⁄^^Ddata©^^@r	^^@^...

The document does not appear to be in UTF-8 encoding.
Try adding \UseRawInputEncoding as the first line of the file
or specify an encoding such as \usepackage [latin1]{inputenc}
in the document preamble.
Alternatively, save the file in UTF-8 using your editor or another tool


./data_import.cpython-38.pyc:3: Package inputenc Error: Invalid UTF-8 byte sequ
ence.

See the inputenc package documentation for explanation.
Type  H <return>  for immediate help.
 ...                                              
                                                  
l.3 ...dex_col)^^D⁄^^Fpandas⁄^^Bpd⁄^^Hread_csv⁄^^D
                                                  data©^^@r	^^@^^@^^@r	^^@^^...

The document does not appear to be in UTF-8 encoding.
Try adding \UseRawInputEncoding as the first line of the file
or specify an encoding such as \usepackage [latin1]{inputenc}
in the document preamble.
Alternatively, save the file in UTF-8 using your editor or another tool


./data_import.cpython-38.pyc:3: Package inputenc Error: Invalid UTF-8 byte "A9.


See the inputenc package documentation for explanation.
Type  H <return>  for immediate help.
 ...                                              
                                                  
l.3 ...ol)^^D⁄^^Fpandas⁄^^Bpd⁄^^Hread_csv⁄^^Ddata©
                                                  ^^@r	^^@^^@^^@r	^^@^^@^^@˙...

The document does not appear to be in UTF-8 encoding.
Try adding \UseRawInputEncoding as the first line of the file
or specify an encoding such as \usepackage [latin1]{inputenc}
in the document preamble.
Alternatively, save the file in UTF-8 using your editor or another tool

./data_import.cpython-38.pyc:3: Text line contains an invalid character.
l.3 ...^^D⁄^^Fpandas⁄^^Bpd⁄^^Hread_csv⁄^^Ddata©^^@
                                                  r	^^@^^@^^@r	^^@^^@^^@˙#C:...
A funny symbol that I can't read has just been input.
Continue, and I'll forget that it ever happened.

./data_import.cpython-38.pyc:3: Text line contains an invalid character.
l.3 ...^Fpandas⁄^^Bpd⁄^^Hread_csv⁄^^Ddata©^^@r	^^@
                                                  ^^@^^@r	^^@^^@^^@˙#C:\Grap...
A funny symbol that I can't read has just been input.
Continue, and I'll forget that it ever happened.

./data_import.cpython-38.pyc:3: Text line contains an invalid character.
l.3 ...andas⁄^^Bpd⁄^^Hread_csv⁄^^Ddata©^^@r	^^@^^@
                                                  ^^@r	^^@^^@^^@˙#C:\Graphen...
A funny symbol that I can't read has just been input.
Continue, and I'll forget that it ever happened.

./data_import.cpython-38.pyc:3: Text line contains an invalid character.
l.3 ...as⁄^^Bpd⁄^^Hread_csv⁄^^Ddata©^^@r	^^@^^@^^@
                                                  r	^^@^^@^^@˙#C:\Graphene R...
A funny symbol that I can't read has just been input.
Continue, and I'll forget that it ever happened.

./data_import.cpython-38.pyc:3: Text line contains an invalid character.
l.3 ...Bpd⁄^^Hread_csv⁄^^Ddata©^^@r	^^@^^@^^@r	^^@
                                                  ^^@^^@˙#C:\Graphene Resear...
A funny symbol that I can't read has just been input.
Continue, and I'll forget that it ever happened.

./data_import.cpython-38.pyc:3: Text line contains an invalid character.
l.3 ...⁄^^Hread_csv⁄^^Ddata©^^@r	^^@^^@^^@r	^^@^^@
                                                  ^^@˙#C:\Graphene Research\...
A funny symbol that I can't read has just been input.
Continue, and I'll forget that it ever happened.

./data_import.cpython-38.pyc:3: Text line contains an invalid character.
l.3 ...Hread_csv⁄^^Ddata©^^@r	^^@^^@^^@r	^^@^^@^^@
                                                  ˙#C:\Graphene Research\dat...
A funny symbol that I can't read has just been input.
Continue, and I'll forget that it ever happened.


./data_import.cpython-38.pyc:3: Package inputenc Error: Invalid UTF-8 byte "FA.


See the inputenc package documentation for explanation.
Type  H <return>  for immediate help.
 ...                                              
                                                  
l.3 ...read_csv⁄^^Ddata©^^@r	^^@^^@^^@r	^^@^^@^^@˙
                                                  #C:\Graphene Research\data...

The document does not appear to be in UTF-8 encoding.
Try adding \UseRawInputEncoding as the first line of the file
or specify an encoding such as \usepackage [latin1]{inputenc}
in the document preamble.
Alternatively, save the file in UTF-8 using your editor or another tool

./data_import.cpython-38.pyc:3: You can't use `macro parameter character #' in 
math mode.
l.3 ...ead_csv⁄^^Ddata©^^@r	^^@^^@^^@r	^^@^^@^^@˙#
                                                  C:\Graphene Research\data_...
Sorry, but I'm not programmed to handle this case;
I'll just pretend that you didn't ask for it.
If you're in the wrong mode, you might be able to
return to the right one by typing `I}' or `I$' or `I\par'.

./data_import.cpython-38.pyc:3: Undefined control sequence.
l.3 ...data©^^@r	^^@^^@^^@r	^^@^^@^^@˙#C:\Graphene
                                                   Research\data_import.py⁄^...
The control sequence at the end of the top line
of your error message was never \def'ed. If you have
misspelled it (e.g., `\hobx'), type `I' and the correct
spelling (e.g., `I\hbox'). Otherwise just continue,
and I'll forget about whatever was undefined.

./data_import.cpython-38.pyc:3: Undefined control sequence.
l.3 ...^@^^@r	^^@^^@^^@˙#C:\Graphene Research\data
                                                  _import.py⁄^^H<module>^^B^...
The control sequence at the end of the top line
of your error message was never \def'ed. If you have
misspelled it (e.g., `\hobx'), type `I' and the correct
spelling (e.g., `I\hbox'). Otherwise just continue,
and I'll forget about whatever was undefined.


./data_import.cpython-38.pyc:3: Package inputenc Error: Invalid UTF-8 byte sequ
ence.

See the inputenc package documentation for explanation.
Type  H <return>  for immediate help.
 ...                                              
                                                  
l.3 ...^@˙#C:\Graphene Research\data_import.py⁄^^H
                                                  <module>^^B^^@^^@^^@s^^B^^...

The document does not appear to be in UTF-8 encoding.
Try adding \UseRawInputEncoding as the first line of the file
or specify an encoding such as \usepackage [latin1]{inputenc}
in the document preamble.
Alternatively, save the file in UTF-8 using your editor or another tool


./data_import.cpython-38.pyc:3: Package inputenc Error: Unicode character ^^B (
U+0002)
(inputenc)                not set up for use with LaTeX.

See the inputenc package documentation for explanation.
Type  H <return>  for immediate help.
 ...                                              
                                                  
l.3 ...hene Research\data_import.py⁄^^H<module>^^B
                                                  ^^@^^@^^@s^^B^^@^^@^^@^^H^^C
You may provide a definition with
\DeclareUnicodeCharacter 

./data_import.cpython-38.pyc:3: Text line contains an invalid character.
l.3 ...e Research\data_import.py⁄^^H<module>^^B^^@
                                                  ^^@^^@s^^B^^@^^@^^@^^H^^C
A funny symbol that I can't read has just been input.
Continue, and I'll forget that it ever happened.

./data_import.cpython-38.pyc:3: Text line contains an invalid character.
l.3 ...esearch\data_import.py⁄^^H<module>^^B^^@^^@
                                                  ^^@s^^B^^@^^@^^@^^H^^C
A funny symbol that I can't read has just been input.
Continue, and I'll forget that it ever happened.

./data_import.cpython-38.pyc:3: Text line contains an invalid character.
l.3 ...arch\data_import.py⁄^^H<module>^^B^^@^^@^^@
                                                  s^^B^^@^^@^^@^^H^^C
A funny symbol that I can't read has just been input.
Continue, and I'll forget that it ever happened.


./data_import.cpython-38.pyc:3: Package inputenc Error: Unicode character ^^B (
U+0002)
(inputenc)                not set up for use with LaTeX.

See the inputenc package documentation for explanation.
Type  H <return>  for immediate help.
 ...                                              
                                                  
l.3 ...\data_import.py⁄^^H<module>^^B^^@^^@^^@s^^B
                                                  ^^@^^@^^@^^H^^C
You may provide a definition with
\DeclareUnicodeCharacter 

./data_import.cpython-38.pyc:3: Text line contains an invalid character.
l.3 ...ta_import.py⁄^^H<module>^^B^^@^^@^^@s^^B^^@
                                                  ^^@^^@^^H^^C
A funny symbol that I can't read has just been input.
Continue, and I'll forget that it ever happened.

./data_import.cpython-38.pyc:3: Text line contains an invalid character.
l.3 ...import.py⁄^^H<module>^^B^^@^^@^^@s^^B^^@^^@
                                                  ^^@^^H^^C
A funny symbol that I can't read has just been input.
Continue, and I'll forget that it ever happened.

./data_import.cpython-38.pyc:3: Text line contains an invalid character.
l.3 ...ort.py⁄^^H<module>^^B^^@^^@^^@s^^B^^@^^@^^@
                                                  ^^H^^C
A funny symbol that I can't read has just been input.
Continue, and I'll forget that it ever happened.


./data_import.cpython-38.pyc:3: Package inputenc Error: Unicode character ^^H (
U+0008)
(inputenc)                not set up for use with LaTeX.

See the inputenc package documentation for explanation.
Type  H <return>  for immediate help.
 ...                                              
                                                  
l.3 ....py⁄^^H<module>^^B^^@^^@^^@s^^B^^@^^@^^@^^H
                                                  ^^C
You may provide a definition with
\DeclareUnicodeCharacter 


./data_import.cpython-38.pyc:3: Package inputenc Error: Unicode character ^^C (
U+0003)
(inputenc)                not set up for use with LaTeX.

See the inputenc package documentation for explanation.
Type  H <return>  for immediate help.
 ...                                              
                                                  
l.3 ...⁄^^H<module>^^B^^@^^@^^@s^^B^^@^^@^^@^^H^^C
                                                  
You may provide a definition with
\DeclareUnicodeCharacter 

)
! Emergency stop.
<*> data_import.cpython-38.pyc
                              
*** (job aborted, no legal \end found)

 
Here is how much of TeX's memory you used:
 27 strings out of 480906
 523 string characters out of 5912188
 242470 words of memory out of 5000000
 15724 multiletter control sequences out of 15000+600000
 535088 words of font info for 29 fonts, out of 8000000 for 9000
 1141 hyphenation exceptions out of 8191
 18i,2n,15p,273b,56s stack positions out of 5000i,500n,10000p,200000b,80000s
!  ==> Fatal error occurred, no output PDF file produced!
